23-Nov-2022 00:11:32.011 INFO [main] org.apache.catalina.startup.VersionLoggerListener.log Server version name:   Apache Tomcat/9.0.69
23-Nov-2022 00:11:32.011 INFO [main] org.apache.catalina.startup.VersionLoggerListener.log Server built:          Nov 9 2022 18:43:47 UTC
23-Nov-2022 00:11:32.011 INFO [main] org.apache.catalina.startup.VersionLoggerListener.log Server version number: 9.0.69.0
23-Nov-2022 00:11:32.011 INFO [main] org.apache.catalina.startup.VersionLoggerListener.log OS Name:               Windows 10
23-Nov-2022 00:11:32.011 INFO [main] org.apache.catalina.startup.VersionLoggerListener.log OS Version:            10.0
23-Nov-2022 00:11:32.011 INFO [main] org.apache.catalina.startup.VersionLoggerListener.log Architecture:          amd64
23-Nov-2022 00:11:32.011 INFO [main] org.apache.catalina.startup.VersionLoggerListener.log Java Home:             C:\Program Files\Java\jdk-11.0.13
23-Nov-2022 00:11:32.011 INFO [main] org.apache.catalina.startup.VersionLoggerListener.log JVM Version:           11.0.13+10-LTS-370
23-Nov-2022 00:11:32.011 INFO [main] org.apache.catalina.startup.VersionLoggerListener.log JVM Vendor:            Oracle Corporation
23-Nov-2022 00:11:32.011 INFO [main] org.apache.catalina.startup.VersionLoggerListener.log CATALINA_BASE:         C:\Users\Kurai\Desktop\apache-tomcat-9.0.69
23-Nov-2022 00:11:32.011 INFO [main] org.apache.catalina.startup.VersionLoggerListener.log CATALINA_HOME:         C:\Users\Kurai\Desktop\apache-tomcat-9.0.69
23-Nov-2022 00:11:32.027 INFO [main] org.apache.catalina.startup.VersionLoggerListener.log Command line argument: --add-opens=java.base/java.lang=ALL-UNNAMED
23-Nov-2022 00:11:32.027 INFO [main] org.apache.catalina.startup.VersionLoggerListener.log Command line argument: --add-opens=java.base/java.io=ALL-UNNAMED
23-Nov-2022 00:11:32.027 INFO [main] org.apache.catalina.startup.VersionLoggerListener.log Command line argument: --add-opens=java.base/java.util=ALL-UNNAMED
23-Nov-2022 00:11:32.027 INFO [main] org.apache.catalina.startup.VersionLoggerListener.log Command line argument: --add-opens=java.base/java.util.concurrent=ALL-UNNAMED
23-Nov-2022 00:11:32.027 INFO [main] org.apache.catalina.startup.VersionLoggerListener.log Command line argument: --add-opens=java.rmi/sun.rmi.transport=ALL-UNNAMED
23-Nov-2022 00:11:32.027 INFO [main] org.apache.catalina.startup.VersionLoggerListener.log Command line argument: -Djava.util.logging.config.file=C:\Users\Kurai\Desktop\apache-tomcat-9.0.69\conf\logging.properties
23-Nov-2022 00:11:32.027 INFO [main] org.apache.catalina.startup.VersionLoggerListener.log Command line argument: -Djava.util.logging.manager=org.apache.juli.ClassLoaderLogManager
23-Nov-2022 00:11:32.043 INFO [main] org.apache.catalina.startup.VersionLoggerListener.log Command line argument: -Djdk.tls.ephemeralDHKeySize=2048
23-Nov-2022 00:11:32.043 INFO [main] org.apache.catalina.startup.VersionLoggerListener.log Command line argument: -Djava.protocol.handler.pkgs=org.apache.catalina.webresources
23-Nov-2022 00:11:32.043 INFO [main] org.apache.catalina.startup.VersionLoggerListener.log Command line argument: -Dignore.endorsed.dirs=
23-Nov-2022 00:11:32.043 INFO [main] org.apache.catalina.startup.VersionLoggerListener.log Command line argument: -Dcatalina.base=C:\Users\Kurai\Desktop\apache-tomcat-9.0.69
23-Nov-2022 00:11:32.043 INFO [main] org.apache.catalina.startup.VersionLoggerListener.log Command line argument: -Dcatalina.home=C:\Users\Kurai\Desktop\apache-tomcat-9.0.69
23-Nov-2022 00:11:32.043 INFO [main] org.apache.catalina.startup.VersionLoggerListener.log Command line argument: -Djava.io.tmpdir=C:\Users\Kurai\Desktop\apache-tomcat-9.0.69\temp
23-Nov-2022 00:11:32.043 INFO [main] org.apache.catalina.core.AprLifecycleListener.lifecycleEvent The Apache Tomcat Native library which allows using OpenSSL was not found on the java.library.path: [C:\Program Files\Java\jdk-11.0.13\bin;C:\WINDOWS\Sun\Java\bin;C:\WINDOWS\system32;C:\WINDOWS;C:\Program Files\Common Files\Oracle\Java\javapath;C:\ProgramData\Oracle\Java\javapath;C:\Program Files\Microsoft MPI\Bin\;C:\WINDOWS\system32;C:\WINDOWS;C:\WINDOWS\System32\Wbem;C:\WINDOWS\System32\WindowsPowerShell\v1.0\;C:\WINDOWS\System32\OpenSSH\;C:\Program Files\Azure Data Studio\bin;C:\Program Files\Microsoft SQL Server\Client SDK\ODBC\170\Tools\Binn\;C:\Program Files (x86)\Microsoft SQL Server\150\Tools\Binn\;C:\Program Files\Microsoft SQL Server\150\Tools\Binn\;C:\Program Files\Microsoft SQL Server\150\DTS\Binn\;C:\Program Files (x86)\Microsoft SQL Server\150\DTS\Binn\;C:\Program Files\Java\jdk-11.0.13\bin;C:\Program Files\Microsoft SQL Server\130\Tools\Binn\;D:\NodeJS Download\;C:\Program Files\Git\cmd;C:\Users\Kurai\AppData\Local\Microsoft\WindowsApps;C:\Program Files\Azure Data Studio\bin;C:\Users\Kurai\AppData\Local\Programs\Microsoft VS Code\bin;C:\Users\Kurai\AppData\Local\GitHubDesktop\bin;C:\Users\Kurai\AppData\Roaming\npm;.]
23-Nov-2022 00:11:32.308 INFO [main] org.apache.coyote.AbstractProtocol.init Initializing ProtocolHandler ["http-nio-8080"]
23-Nov-2022 00:11:32.339 INFO [main] org.apache.catalina.startup.Catalina.load Server initialization in [470] milliseconds
23-Nov-2022 00:11:32.386 INFO [main] org.apache.catalina.core.StandardService.startInternal Starting service [Catalina]
23-Nov-2022 00:11:32.386 INFO [main] org.apache.catalina.core.StandardEngine.startInternal Starting Servlet engine: [Apache Tomcat/9.0.69]
23-Nov-2022 00:11:32.402 INFO [main] org.apache.catalina.startup.HostConfig.deployDirectory Deploying web application directory [C:\Users\Kurai\Desktop\apache-tomcat-9.0.69\webapps\docs]
23-Nov-2022 00:11:32.714 INFO [main] org.apache.catalina.startup.HostConfig.deployDirectory Deployment of web application directory [C:\Users\Kurai\Desktop\apache-tomcat-9.0.69\webapps\docs] has finished in [312] ms
23-Nov-2022 00:11:32.714 INFO [main] org.apache.catalina.startup.HostConfig.deployDirectory Deploying web application directory [C:\Users\Kurai\Desktop\apache-tomcat-9.0.69\webapps\examples]
23-Nov-2022 00:11:32.995 INFO [main] org.apache.catalina.startup.HostConfig.deployDirectory Deployment of web application directory [C:\Users\Kurai\Desktop\apache-tomcat-9.0.69\webapps\examples] has finished in [281] ms
23-Nov-2022 00:11:32.995 INFO [main] org.apache.catalina.startup.HostConfig.deployDirectory Deploying web application directory [C:\Users\Kurai\Desktop\apache-tomcat-9.0.69\webapps\host-manager]
23-Nov-2022 00:11:33.026 INFO [main] org.apache.catalina.startup.HostConfig.deployDirectory Deployment of web application directory [C:\Users\Kurai\Desktop\apache-tomcat-9.0.69\webapps\host-manager] has finished in [31] ms
23-Nov-2022 00:11:33.026 INFO [main] org.apache.catalina.startup.HostConfig.deployDirectory Deploying web application directory [C:\Users\Kurai\Desktop\apache-tomcat-9.0.69\webapps\manager]
23-Nov-2022 00:11:33.057 INFO [main] org.apache.catalina.startup.HostConfig.deployDirectory Deployment of web application directory [C:\Users\Kurai\Desktop\apache-tomcat-9.0.69\webapps\manager] has finished in [31] ms
23-Nov-2022 00:11:33.057 INFO [main] org.apache.catalina.startup.HostConfig.deployDirectory Deploying web application directory [C:\Users\Kurai\Desktop\apache-tomcat-9.0.69\webapps\ROOT]
23-Nov-2022 00:11:33.073 INFO [main] org.apache.catalina.startup.HostConfig.deployDirectory Deployment of web application directory [C:\Users\Kurai\Desktop\apache-tomcat-9.0.69\webapps\ROOT] has finished in [16] ms
23-Nov-2022 00:11:33.089 INFO [main] org.apache.coyote.AbstractProtocol.start Starting ProtocolHandler ["http-nio-8080"]
23-Nov-2022 00:11:33.182 INFO [main] org.apache.catalina.startup.Catalina.start Server startup in [843] milliseconds
